go: downloading github.com/industrial-asset-hub/asset-link-sdk/v3 v3.0.0
go: downloading code.siemens.com/common-device-management/utils/go-modules/cdmlog.git v1.4.0
go: downloading github.com/rs/zerolog v1.33.0
go: downloading google.golang.org/grpc v1.67.1
go: downloading github.com/google/uuid v1.6.0
go: downloading github.com/mattn/go-colorable v0.1.13
go: downloading google.golang.org/protobuf v1.36.0
go: downloading github.com/Masterminds/semver/v3 v3.3.1
go: downloading golang.org/x/net v0.31.0
go: downloading github.com/gin-contrib/logger v1.2.2
go: downloading github.com/gin-gonic/gin v1.10.0
go: downloading github.com/mattn/go-isatty v0.0.20
go: downloading github.com/gin-contrib/sse v0.1.0
go: downloading golang.org/x/sys v0.28.0
go: downloading google.golang.org/genproto/googleapis/rpc v0.0.0-20240814211410-ddb44dafa142
go: downloading github.com/go-playground/validator/v10 v10.23.0
go: downloading github.com/pelletier/go-toml/v2 v2.2.3
go: downloading github.com/ugorji/go/codec v1.2.12
go: downloading gopkg.in/yaml.v3 v3.0.1
go: downloading github.com/gabriel-vasile/mimetype v1.4.7
go: downloading github.com/go-playground/universal-translator v0.18.1
go: downloading github.com/leodido/go-urn v1.4.0
go: downloading golang.org/x/crypto v0.29.0
go: downloading golang.org/x/text v0.20.0
go: downloading github.com/go-playground/locales v0.14.1
go: downloading golang.org/x/term v0.27.0
go: downloading go.opentelemetry.io/otel/trace v1.26.0
go: downloading go.opentelemetry.io/otel v1.26.0
{"level":"info","Version":"1.0.0","commit":"unknown","date":"unknown","time":"2025-01-29T10:31:53Z","message":"Starting dummy-driver driver"}
{"level":"info","source":"dummy-driver driver","ID":"siemens.cdm.al.dummy-driver","gRPC Address":"localhost:8081","grpcRegistryAddress":"grpc-server-registry:50051","registrationName":"localhost","timestamp":"2025-01-29T10:31:53.582432347Z","caller":"/go/pkg/mod/github.com/industrial-asset-hub/asset-link-sdk/v3@v3.0.0/assetlink/al.go:70","message":"Starting asset link"}
{"level":"info","source":"dummy-driver driver","HTTP address":"localhost:8082","timestamp":"2025-01-29T10:31:53.582472638Z","caller":"/go/pkg/mod/github.com/industrial-asset-hub/asset-link-sdk/v3@v3.0.0/assetlink/al.go:74","message":"Starting RestAPI Observability Endpoint"}
[GIN-debug] [WARNING] Running in "debug" mode. Switch to "release" mode in production.
 - using env:	export GIN_MODE=release
 - using code:	gin.SetMode(gin.ReleaseMode)

[GIN-debug] GET    /health                   --> github.com/industrial-asset-hub/asset-link-sdk/v3/internal/server/webserver.(*Server).configureRoutes.func1 (2 handlers)
[GIN-debug] GET    /version                  --> github.com/industrial-asset-hub/asset-link-sdk/v3/internal/server/webserver.(*Server).configureRoutes.func2 (2 handlers)
[GIN-debug] GET    /stats                    --> github.com/industrial-asset-hub/asset-link-sdk/v3/internal/server/webserver.(*Server).configureRoutes.func3 (2 handlers)
[GIN-debug] [WARNING] You trusted all proxies, this is NOT safe. We recommend you to set a value.
Please check https://pkg.go.dev/github.com/gin-gonic/gin#readme-don-t-trust-all-proxies for details.
[GIN-debug] Listening and serving HTTP on localhost:8082
{"level":"info","source":"dummy-driver driver","gRPC Server Registry":"grpc-server-registry:50051","timestamp":"2025-01-29T10:31:53.58369271Z","caller":"/go/pkg/mod/github.com/industrial-asset-hub/asset-link-sdk/v3@v3.0.0/internal/registryclient/registryclient.go:94","message":"Register asset link at grpc server registry"}
{"level":"info","source":"dummy-driver driver","timestamp":"2025-01-29T10:31:53.583755011Z","caller":"/go/pkg/mod/github.com/industrial-asset-hub/asset-link-sdk/v3@v3.0.0/assetlink/al.go:106","message":"Registered Driver Info endpoint"}
{"level":"info","source":"dummy-driver driver","timestamp":"2025-01-29T10:31:53.583772621Z","caller":"/go/pkg/mod/github.com/industrial-asset-hub/asset-link-sdk/v3@v3.0.0/assetlink/al.go:120","message":"Registered Discovery feature implementation"}
{"level":"info","source":"dummy-driver driver","address":"localhost:8081","timestamp":"2025-01-29T10:31:53.583782022Z","caller":"/go/pkg/mod/github.com/industrial-asset-hub/asset-link-sdk/v3@v3.0.0/assetlink/al.go:135","message":"Serving gPRC Server"}
{"level":"warn","source":"dummy-driver driver","error":"rpc error: code = Unavailable desc = connection error: desc = \"transport: Error while dialing: failed to do connect handshake, response: \\\"HTTP/1.0 502 Bad Gateway\\\\r\\\\nConnection: close\\\\r\\\\nContent-Type: text/html\\\\r\\\\nServer: Zscaler/6.2\\\\r\\\\n\\\\r\\\\n<html><head><title>502 Bad Gateway</title></head>\\\\r\\\\n<body><h1>DNS error</h1>\\\\r\\\\n<p>DNS error (the host name of the page you are looking for does not exist)<br><br>Please check that the host name has been spelled correctly.<br></p>\\\\r\\\\n<!--Zscaler/6.2--></body></html>\\\\r\\\\n\\\"\"","timestamp":"2025-01-29T10:31:53.628612219Z","caller":"/go/pkg/mod/github.com/industrial-asset-hub/asset-link-sdk/v3@v3.0.0/internal/registryclient/registryclient.go:194","message":"Could not register at grpc server registry"}
{"level":"info","source":"dummy-driver driver","Registration expire time [s]":10,"Re-new registration in [s]":5,"timestamp":"2025-01-29T10:31:53.628680891Z","caller":"/go/pkg/mod/github.com/industrial-asset-hub/asset-link-sdk/v3@v3.0.0/internal/registryclient/registryclient.go:116","message":"Wait until renew server registration"}
{"level":"info","source":"dummy-driver driver","status":200,"method":"GET","path":"/health","ip":"127.0.0.1","latency":0.075311,"user_agent":"curl/7.88.1","body_size":15,"timestamp":"2025-01-29T10:31:56.75048018Z","caller":"/go/pkg/mod/github.com/gin-contrib/logger@v1.2.2/logger.go:193","message":"Request"}
{"level":"info","source":"dummy-driver driver","options":"[]","filters":"[]","string":"","timestamp":"2025-01-29T10:31:56.759333396Z","caller":"/go/pkg/mod/github.com/industrial-asset-hub/asset-link-sdk/v3@v3.0.0/internal/server/devicediscovery/devicediscovery.go:35","message":"Discovery request"}
{"level":"info","source":"dummy-driver driver","timestamp":"2025-01-29T10:31:56.759375367Z","caller":"/builds/common-device-management/device-class-drivers/dummy-driver/handler/handler.go:38","message":"Starting Discovery"}
identifiers:{text:"Profinet" classifiers:{type:"URI" value:"https://schema.industrial-assets.io/base/v0.8.3/Asset#@type"}} identifiers:{children:{value:{text:"EthernetPort" classifiers:{type:"URI" value:"https://schema.industrial-assets.io/base/v0.8.3/Asset#connection_points/connection_point_type"}} value:{text:"43961439-e76e-4c49-9934-fd7e957dde44" classifiers:{type:"URI" value:"https://schema.industrial-assets.io/base/v0.8.3/Asset#connection_points/id"}} value:{children:{value:{text:"name" classifiers:{type:"URI" value:"https://schema.industrial-assets.io/base/v0.8.3/Asset#connection_points/instance_annotations/key"}} value:{text:"eth0" classifiers:{type:"URI" value:"https://schema.industrial-assets.io/base/v0.8.3/Asset#connection_points/instance_annotations/value"}}} classifiers:{type:"URI" value:"https://schema.industrial-assets.io/base/v0.8.3/Asset#connection_points/instance_annotations"}} value:{text:"00:16:3e:02:c6:06" classifiers:{type:"URI" value:"https://schema.industrial-assets.io/base/v0.8.3/Asset#connection_points/mac_address"}}} classifiers:{type:"URI" value:"https://schema.industrial-assets.io/base/v0.8.3/Asset#connection_points"}} identifiers:{children:{value:{text:"Ipv4Connectivity" classifiers:{type:"URI" value:"https://schema.industrial-assets.io/base/v0.8.3/Asset#connection_points/connection_point_type"}} value:{text:"fab69133-ae6e-446a-ade0-43ace3fe60b9" classifiers:{type:"URI" value:"https://schema.industrial-assets.io/base/v0.8.3/Asset#connection_points/id"}} value:{text:"192.168.0.0" classifiers:{type:"URI" value:"https://schema.industrial-assets.io/base/v0.8.3/Asset#connection_points/ipv4_address"}} value:{text:"255.255.255.0" classifiers:{type:"URI" value:"https://schema.industrial-assets.io/base/v0.8.3/Asset#connection_points/network_mask"}} value:{children:{value:{text:"5d343f3d-0724-434a-95bd-d567bc12807b" classifiers:{type:"URI" value:"https://schema.industrial-assets.io/base/v0.8.3/Asset#connection_points/related_connection_points/connection_point"}} value:{text:"Relies on" classifiers:{type:"URI" value:"https://schema.industrial-assets.io/base/v0.8.3/Asset#connection_points/related_connection_points/custom_relationship"}}} classifiers:{type:"URI" value:"https://schema.industrial-assets.io/base/v0.8.3/Asset#connection_points/related_connection_points"}} value:{text:"eth0" classifiers:{type:"URI" value:"https://schema.industrial-assets.io/base/v0.8.3/Asset#connection_points/router_ipv4_address"}}} classifiers:{type:"URI" value:"https://schema.industrial-assets.io/base/v0.8.3/Asset#connection_points"}} identifiers:{text:"2025-01-29T10:31:56.759392508Z" classifiers:{type:"URI" value:"https://schema.industrial-assets.io/base/v0.8.3/Asset#management_state/state_timestamp"}} identifiers:{text:"unknown" classifiers:{type:"URI" value:"https://schema.industrial-assets.io/base/v0.8.3/Asset#management_state/state_value"}} identifiers:{text:"Example Device - 0" classifiers:{type:"URI" value:"https://schema.industrial-assets.io/base/v0.8.3/Asset#name"}} identifiers:{text:"iah-reference-asset-link" classifiers:{type:"URI" value:"https://schema.industrial-assets.io/base/v0.8.3/Asset#product_instance_identifier/manufacturer_product/id"}} identifiers:{text:"4fff30455545fa54938f2124a5392aae79b83073" classifiers:{type:"URI" value:"https://schema.industrial-assets.io/base/v0.8.3/Asset#product_instance_identifier/manufacturer_product/manufacturer/id"}} identifiers:{text:"Siemens AG" classifiers:{type:"URI" value:"https://schema.industrial-assets.io/base/v0.8.3/Asset#product_instance_identifier/manufacturer_product/manufacturer/name"}} identifiers:{text:"Example Device" classifiers:{type:"URI" value:"https://schema.industrial-assets.io/base/v0.8.3/Asset#product_instance_identifier/manufacturer_product/name"}} identifiers:{text:"123456" classifiers:{type:"URI" value:"https://schema.industrial-assets.io/base/v0.8.3/Asset#product_instance_identifier/manufacturer_product/product_id"}} identifiers:{text:"1.0.0" classifiers:{type:"URI" value:"https://schema.industrial-assets.io/base/v0.8.3/Asset#product_instance_identifier/manufacturer_product/product_version"}} identifiers:{text:"bd4cca63-3d5f-4f6e-8202-e0c0f15b74d6" classifiers:{type:"URI" value:"https://schema.industrial-assets.io/base/v0.8.3/Asset#product_instance_identifier/serial_number"}} identifiers:{text:"2025-01-29T10:31:56.759393388Z" classifiers:{type:"URI" value:"https://schema.industrial-assets.io/base/v0.8.3/Asset#reachability_state/state_timestamp"}} identifiers:{text:"reached" classifiers:{type:"URI" value:"https://schema.industrial-assets.io/base/v0.8.3/Asset#reachability_state/state_value"}} identifiers:{children:{value:{text:"00:16:3e:02:c6:06" classifiers:{type:"URI" value:"https://schema.industrial-assets.io/base/v0.8.3/Asset#mac_identifiers/mac_address"}}} classifiers:{type:"URI" value:"https://schema.industrial-assets.io/base/v0.8.3/Asset#mac_identifiers"}} timestamp:19347439483904
